<?xml version="1.0" encoding="UTF-8"?>
<!-- Generated by org.testng.reporters.JUnitReportReporter -->
<testsuite skipped="0" hostname="LENOVO" name="Test.com.ler.NewTest2" tests="3" failures="0" timestamp="01 May 2018 17:42:23 GMT" time="0.011" errors="0">
  <testcase name="beforeTest" time="0.001" classname="Test.com.ler.NewTest2"/>
  <testcase name="testEasy" time="0.001" classname="Test.com.ler.NewTest2"/>
  <testcase name="afterTest" time="0.009" classname="Test.com.ler.NewTest2"/>
</testsuite> <!-- Test.com.ler.NewTest2 -->
