<?xml version="1.0" encoding="UTF-8"?>
<!-- Generated by org.testng.reporters.JUnitReportReporter -->
<testsuite skipped="0" hostname="LENOVO" name="Test.com.ler.NewTest3" tests="3" failures="0" timestamp="01 May 2018 17:42:23 GMT" time="0.002" errors="0">
  <testcase name="beforeTest" time="0.001" classname="Test.com.ler.NewTest3"/>
  <testcase name="afterTest" time="0.000" classname="Test.com.ler.NewTest3"/>
  <testcase name="testEasy" time="0.001" classname="Test.com.ler.NewTest3"/>
</testsuite> <!-- Test.com.ler.NewTest3 -->
